[0.032s] Invoking command in '/home/saket/ros2_ws/build/cpp_pubsub': CMAKE_PREFIX_PATH=/opt/ros/humble /usr/bin/cmake /home/saket/ros2_ws/src/cpp_pubsub -DCMAKE_INSTALL_PREFIX=/home/saket/ros2_ws/install/cpp_pubsub
[0.051s] -- Found ament_cmake: 1.3.14 (/opt/ros/humble/share/ament_cmake/cmake)
[0.282s] -- Found rclcpp: 16.0.19 (/opt/ros/humble/share/rclcpp/cmake)
[0.468s] -- Found rosidl_generator_c: 3.1.8 (/opt/ros/humble/share/rosidl_generator_c/cmake)
[0.485s] -- Found rosidl_adapter: 3.1.8 (/opt/ros/humble/share/rosidl_adapter/cmake)
[0.524s] -- Found rosidl_generator_cpp: 3.1.8 (/opt/ros/humble/share/rosidl_generator_cpp/cmake)
[0.586s] -- Using all available rosidl_typesupport_c: rosidl_typesupport_fastrtps_c;rosidl_typesupport_introspection_c
[0.642s] -- Using all available rosidl_typesupport_cpp: rosidl_typesupport_fastrtps_cpp;rosidl_typesupport_introspection_cpp
[0.783s] -- Found rmw_implementation_cmake: 6.1.2 (/opt/ros/humble/share/rmw_implementation_cmake/cmake)
[0.796s] -- Found rmw_fastrtps_cpp: 6.2.10 (/opt/ros/humble/share/rmw_fastrtps_cpp/cmake)
[1.120s] -- Found OpenSSL: /usr/lib/x86_64-linux-gnu/libcrypto.so (found version "3.0.2")  
[1.160s] -- Found FastRTPS: /opt/ros/humble/include  
[1.235s] -- Using RMW implementation 'rmw_fastrtps_cpp' as default
[1.321s] -- Looking for pthread.h
[1.596s] -- Looking for pthread.h - found
[1.596s] -- Performing Test CMAKE_HAVE_LIBC_PTHREAD
[1.767s] -- Performing Test CMAKE_HAVE_LIBC_PTHREAD - Success
[1.768s] -- Found Threads: TRUE  
[2.023s] -- Found ament_lint_auto: 0.12.15 (/opt/ros/humble/share/ament_lint_auto/cmake)
[2.233s] -- Added test 'cppcheck' to perform static code analysis on C / C++ code
[2.234s] -- Configured cppcheck include dirs: 
[2.234s] -- Configured cppcheck exclude dirs and/or files: 
[2.237s] -- Added test 'lint_cmake' to check CMake code style
[2.241s] -- Added test 'uncrustify' to check C / C++ code style
[2.241s] -- Configured uncrustify additional arguments: 
[2.242s] -- Added test 'xmllint' to check XML markup files
[2.249s] -- Configuring done
[2.270s] -- Generating done
[2.282s] -- Build files have been written to: /home/saket/ros2_ws/build/cpp_pubsub
[2.292s] Invoked command in '/home/saket/ros2_ws/build/cpp_pubsub' returned '0': CMAKE_PREFIX_PATH=/opt/ros/humble /usr/bin/cmake /home/saket/ros2_ws/src/cpp_pubsub -DCMAKE_INSTALL_PREFIX=/home/saket/ros2_ws/install/cpp_pubsub
[2.303s] Invoking command in '/home/saket/ros2_ws/build/cpp_pubsub': CMAKE_PREFIX_PATH=/opt/ros/humble /usr/bin/cmake --build /home/saket/ros2_ws/build/cpp_pubsub -- -j6 -l6
[2.409s] [ 25%] [32mBuilding CXX object CMakeFiles/cpp_publisher.dir/src/publisher_node.cpp.o[0m
[2.411s] [ 50%] [32mBuilding CXX object CMakeFiles/cpp_subscriber.dir/src/subscriber_node.cpp.o[0m
[11.890s] [ 75%] [32m[1mLinking CXX executable cpp_publisher[0m
[12.304s] [ 75%] Built target cpp_publisher
[17.762s] [100%] [32m[1mLinking CXX executable cpp_subscriber[0m
[18.300s] [100%] Built target cpp_subscriber
[18.331s] Invoked command in '/home/saket/ros2_ws/build/cpp_pubsub' returned '0': CMAKE_PREFIX_PATH=/opt/ros/humble /usr/bin/cmake --build /home/saket/ros2_ws/build/cpp_pubsub -- -j6 -l6
[18.353s] Invoking command in '/home/saket/ros2_ws/build/cpp_pubsub': CMAKE_PREFIX_PATH=/opt/ros/humble /usr/bin/cmake --install /home/saket/ros2_ws/build/cpp_pubsub
[18.373s] -- Install configuration: ""
[18.374s] -- Installing: /home/saket/ros2_ws/install/cpp_pubsub/lib/cpp_pubsub/cpp_publisher
[18.376s] -- Set runtime path of "/home/saket/ros2_ws/install/cpp_pubsub/lib/cpp_pubsub/cpp_publisher" to ""
[18.376s] -- Installing: /home/saket/ros2_ws/install/cpp_pubsub/lib/cpp_pubsub/cpp_subscriber
[18.383s] -- Set runtime path of "/home/saket/ros2_ws/install/cpp_pubsub/lib/cpp_pubsub/cpp_subscriber" to ""
[18.383s] -- Installing: /home/saket/ros2_ws/install/cpp_pubsub/share/ament_index/resource_index/package_run_dependencies/cpp_pubsub
[18.384s] -- Installing: /home/saket/ros2_ws/install/cpp_pubsub/share/ament_index/resource_index/parent_prefix_path/cpp_pubsub
[18.384s] -- Installing: /home/saket/ros2_ws/install/cpp_pubsub/share/cpp_pubsub/environment/ament_prefix_path.sh
[18.385s] -- Installing: /home/saket/ros2_ws/install/cpp_pubsub/share/cpp_pubsub/environment/ament_prefix_path.dsv
[18.385s] -- Installing: /home/saket/ros2_ws/install/cpp_pubsub/share/cpp_pubsub/environment/path.sh
[18.385s] -- Installing: /home/saket/ros2_ws/install/cpp_pubsub/share/cpp_pubsub/environment/path.dsv
[18.386s] -- Installing: /home/saket/ros2_ws/install/cpp_pubsub/share/cpp_pubsub/local_setup.bash
[18.386s] -- Installing: /home/saket/ros2_ws/install/cpp_pubsub/share/cpp_pubsub/local_setup.sh
[18.387s] -- Installing: /home/saket/ros2_ws/install/cpp_pubsub/share/cpp_pubsub/local_setup.zsh
[18.390s] -- Installing: /home/saket/ros2_ws/install/cpp_pubsub/share/cpp_pubsub/local_setup.dsv
[18.390s] -- Installing: /home/saket/ros2_ws/install/cpp_pubsub/share/cpp_pubsub/package.dsv
[18.390s] -- Installing: /home/saket/ros2_ws/install/cpp_pubsub/share/ament_index/resource_index/packages/cpp_pubsub
[18.390s] -- Installing: /home/saket/ros2_ws/install/cpp_pubsub/share/cpp_pubsub/cmake/cpp_pubsubConfig.cmake
[18.391s] -- Installing: /home/saket/ros2_ws/install/cpp_pubsub/share/cpp_pubsub/cmake/cpp_pubsubConfig-version.cmake
[18.391s] -- Installing: /home/saket/ros2_ws/install/cpp_pubsub/share/cpp_pubsub/package.xml
[18.396s] Invoked command in '/home/saket/ros2_ws/build/cpp_pubsub' returned '0': CMAKE_PREFIX_PATH=/opt/ros/humble /usr/bin/cmake --install /home/saket/ros2_ws/build/cpp_pubsub
