[0.096s] DEBUG:colcon:Command line arguments: ['/usr/bin/colcon', 'build', '--packages-select', 'cpp_pubsub']
[0.096s] DEBUG:colcon:Parsed command line arguments: Namespace(log_base=None, log_level=None, verb_name='build', build_base='build', install_base='install', merge_install=False, symlink_install=False, test_result_base=None, continue_on_error=False, executor='parallel', parallel_workers=6, event_handlers=None, ignore_user_meta=False, metas=['./colcon.meta'], base_paths=['.'], packages_ignore=None, packages_ignore_regex=None, paths=None, packages_up_to=None, packages_up_to_regex=None, packages_above=None, packages_above_and_dependencies=None, packages_above_depth=None, packages_select_by_dep=None, packages_skip_by_dep=None, packages_skip_up_to=None, packages_select_build_failed=False, packages_skip_build_finished=False, packages_select_test_failures=False, packages_skip_test_passed=False, packages_select=['cpp_pubsub'], packages_skip=None, packages_select_regex=None, packages_skip_regex=None, packages_start=None, packages_end=None, allow_overriding=[], cmake_args=None, cmake_target=None, cmake_target_skip_unavailable=False, cmake_clean_cache=False, cmake_clean_first=False, cmake_force_configure=False, ament_cmake_args=None, catkin_cmake_args=None, catkin_skip_building_tests=False, verb_parser=<colcon_defaults.argument_parser.defaults.DefaultArgumentsDecorator object at 0x76c0db432fe0>, verb_extension=<colcon_core.verb.build.BuildVerb object at 0x76c0db432aa0>, main=<bound method BuildVerb.main of <colcon_core.verb.build.BuildVerb object at 0x76c0db432aa0>>)
[0.246s] Level 1:colcon.colcon_core.package_discovery:discover_packages(colcon_meta) check parameters
[0.247s] Level 1:colcon.colcon_core.package_discovery:discover_packages(recursive) check parameters
[0.247s] Level 1:colcon.colcon_core.package_discovery:discover_packages(ignore) check parameters
[0.247s] Level 1:colcon.colcon_core.package_discovery:discover_packages(path) check parameters
[0.247s] Level 1:colcon.colcon_core.package_discovery:discover_packages(colcon_meta) discover
[0.247s] Level 1:colcon.colcon_core.package_discovery:discover_packages(recursive) discover
[0.247s] INFO:colcon.colcon_core.package_discovery:Crawling recursively for packages in '/home/saket/ros2_ws'
[0.247s] Level 1:colcon.colcon_core.package_identification:_identify(.) by extensions ['ignore', 'ignore_ament_install']
[0.248s] Level 1:colcon.colcon_core.package_identification:_identify(.) by extension 'ignore'
[0.248s] Level 1:colcon.colcon_core.package_identification:_identify(.) by extension 'ignore_ament_install'
[0.248s] Level 1:colcon.colcon_core.package_identification:_identify(.) by extensions ['colcon_pkg']
[0.248s] Level 1:colcon.colcon_core.package_identification:_identify(.) by extension 'colcon_pkg'
[0.248s] Level 1:colcon.colcon_core.package_identification:_identify(.) by extensions ['colcon_meta']
[0.248s] Level 1:colcon.colcon_core.package_identification:_identify(.) by extension 'colcon_meta'
[0.248s] Level 1:colcon.colcon_core.package_identification:_identify(.) by extensions ['ros']
[0.248s] Level 1:colcon.colcon_core.package_identification:_identify(.) by extension 'ros'
[0.258s] Level 1:colcon.colcon_core.package_identification:_identify(.) by extensions ['cmake', 'python']
[0.258s] Level 1:colcon.colcon_core.package_identification:_identify(.) by extension 'cmake'
[0.258s] Level 1:colcon.colcon_core.package_identification:_identify(.) by extension 'python'
[0.258s] Level 1:colcon.colcon_core.package_identification:_identify(.) by extensions ['python_setup_py']
[0.258s] Level 1:colcon.colcon_core.package_identification:_identify(.) by extension 'python_setup_py'
[0.258s] Level 1:colcon.colcon_core.package_identification:_identify(build) by extensions ['ignore', 'ignore_ament_install']
[0.259s] Level 1:colcon.colcon_core.package_identification:_identify(build) by extension 'ignore'
[0.259s] Level 1:colcon.colcon_core.package_identification:_identify(build) ignored
[0.259s] Level 1:colcon.colcon_core.package_identification:_identify(install) by extensions ['ignore', 'ignore_ament_install']
[0.259s] Level 1:colcon.colcon_core.package_identification:_identify(install) by extension 'ignore'
[0.259s] Level 1:colcon.colcon_core.package_identification:_identify(install) ignored
[0.259s] Level 1:colcon.colcon_core.package_identification:_identify(log) by extensions ['ignore', 'ignore_ament_install']
[0.259s] Level 1:colcon.colcon_core.package_identification:_identify(log) by extension 'ignore'
[0.259s] Level 1:colcon.colcon_core.package_identification:_identify(log) ignored
[0.259s] Level 1:colcon.colcon_core.package_identification:_identify(src) by extensions ['ignore', 'ignore_ament_install']
[0.259s] Level 1:colcon.colcon_core.package_identification:_identify(src) by extension 'ignore'
[0.259s] Level 1:colcon.colcon_core.package_identification:_identify(src) by extension 'ignore_ament_install'
[0.259s] Level 1:colcon.colcon_core.package_identification:_identify(src) by extensions ['colcon_pkg']
[0.259s] Level 1:colcon.colcon_core.package_identification:_identify(src) by extension 'colcon_pkg'
[0.259s] Level 1:colcon.colcon_core.package_identification:_identify(src) by extensions ['colcon_meta']
[0.259s] Level 1:colcon.colcon_core.package_identification:_identify(src) by extension 'colcon_meta'
[0.259s] Level 1:colcon.colcon_core.package_identification:_identify(src) by extensions ['ros']
[0.259s] Level 1:colcon.colcon_core.package_identification:_identify(src) by extension 'ros'
[0.259s] Level 1:colcon.colcon_core.package_identification:_identify(src) by extensions ['cmake', 'python']
[0.259s] Level 1:colcon.colcon_core.package_identification:_identify(src) by extension 'cmake'
[0.259s] Level 1:colcon.colcon_core.package_identification:_identify(src) by extension 'python'
[0.259s] Level 1:colcon.colcon_core.package_identification:_identify(src) by extensions ['python_setup_py']
[0.259s] Level 1:colcon.colcon_core.package_identification:_identify(src) by extension 'python_setup_py'
[0.259s] Level 1:colcon.colcon_core.package_identification:_identify(src/cpp_pubsub) by extensions ['ignore', 'ignore_ament_install']
[0.259s] Level 1:colcon.colcon_core.package_identification:_identify(src/cpp_pubsub) by extension 'ignore'
[0.259s] Level 1:colcon.colcon_core.package_identification:_identify(src/cpp_pubsub) by extension 'ignore_ament_install'
[0.259s] Level 1:colcon.colcon_core.package_identification:_identify(src/cpp_pubsub) by extensions ['colcon_pkg']
[0.259s] Level 1:colcon.colcon_core.package_identification:_identify(src/cpp_pubsub) by extension 'colcon_pkg'
[0.259s] Level 1:colcon.colcon_core.package_identification:_identify(src/cpp_pubsub) by extensions ['colcon_meta']
[0.259s] Level 1:colcon.colcon_core.package_identification:_identify(src/cpp_pubsub) by extension 'colcon_meta'
[0.259s] Level 1:colcon.colcon_core.package_identification:_identify(src/cpp_pubsub) by extensions ['ros']
[0.259s] Level 1:colcon.colcon_core.package_identification:_identify(src/cpp_pubsub) by extension 'ros'
[0.261s] DEBUG:colcon.colcon_core.package_identification:Package 'src/cpp_pubsub' with type 'ros.ament_cmake' and name 'cpp_pubsub'
[0.261s] Level 1:colcon.colcon_core.package_discovery:discover_packages(recursive) using defaults
[0.261s] Level 1:colcon.colcon_core.package_discovery:discover_packages(ignore) discover
[0.261s] Level 1:colcon.colcon_core.package_discovery:discover_packages(ignore) using defaults
[0.261s] Level 1:colcon.colcon_core.package_discovery:discover_packages(path) discover
[0.261s] Level 1:colcon.colcon_core.package_discovery:discover_packages(path) using defaults
[0.288s] Level 1:colcon.colcon_core.package_discovery:discover_packages(prefix_path) check parameters
[0.288s] Level 1:colcon.colcon_core.package_discovery:discover_packages(prefix_path) discover
[0.289s] DEBUG:colcon.colcon_installed_package_information.package_discovery:Found 1 installed packages in /home/saket/ros2_ws/install
[0.290s] DEBUG:colcon.colcon_installed_package_information.package_discovery:Found 273 installed packages in /opt/ros/humble
[0.292s] Level 1:colcon.colcon_core.package_discovery:discover_packages(prefix_path) using defaults
[0.359s] Level 5:colcon.colcon_core.verb:set package 'cpp_pubsub' build argument 'cmake_args' from command line to 'None'
[0.359s] Level 5:colcon.colcon_core.verb:set package 'cpp_pubsub' build argument 'cmake_target' from command line to 'None'
[0.359s] Level 5:colcon.colcon_core.verb:set package 'cpp_pubsub' build argument 'cmake_target_skip_unavailable' from command line to 'False'
[0.359s] Level 5:colcon.colcon_core.verb:set package 'cpp_pubsub' build argument 'cmake_clean_cache' from command line to 'False'
[0.359s] Level 5:colcon.colcon_core.verb:set package 'cpp_pubsub' build argument 'cmake_clean_first' from command line to 'False'
[0.359s] Level 5:colcon.colcon_core.verb:set package 'cpp_pubsub' build argument 'cmake_force_configure' from command line to 'False'
[0.359s] Level 5:colcon.colcon_core.verb:set package 'cpp_pubsub' build argument 'ament_cmake_args' from command line to 'None'
[0.359s] Level 5:colcon.colcon_core.verb:set package 'cpp_pubsub' build argument 'catkin_cmake_args' from command line to 'None'
[0.359s] Level 5:colcon.colcon_core.verb:set package 'cpp_pubsub' build argument 'catkin_skip_building_tests' from command line to 'False'
[0.359s] DEBUG:colcon.colcon_core.verb:Building package 'cpp_pubsub' with the following arguments: {'ament_cmake_args': None, 'build_base': '/home/saket/ros2_ws/build/cpp_pubsub', 'catkin_cmake_args': None, 'catkin_skip_building_tests': False, 'cmake_args': None, 'cmake_clean_cache': False, 'cmake_clean_first': False, 'cmake_force_configure': False, 'cmake_target': None, 'cmake_target_skip_unavailable': False, 'install_base': '/home/saket/ros2_ws/install/cpp_pubsub', 'merge_install': False, 'path': '/home/saket/ros2_ws/src/cpp_pubsub', 'symlink_install': False, 'test_result_base': None}
[0.359s] INFO:colcon.colcon_core.executor:Executing jobs using 'parallel' executor
[0.362s] DEBUG:colcon.colcon_parallel_executor.executor.parallel:run_until_complete
[0.364s] INFO:colcon.colcon_ros.task.ament_cmake.build:Building ROS package in '/home/saket/ros2_ws/src/cpp_pubsub' with build type 'ament_cmake'
[0.364s] INFO:colcon.colcon_cmake.task.cmake.build:Building CMake package in '/home/saket/ros2_ws/src/cpp_pubsub'
[0.368s] INFO:colcon.colcon_core.plugin_system:Skipping extension 'colcon_core.shell.bat': Not used on non-Windows systems
[0.369s] INFO:colcon.colcon_core.shell:Skip shell extension 'powershell' for command environment: Not usable outside of PowerShell
[0.369s] DEBUG:colcon.colcon_core.shell:Skip shell extension 'dsv' for command environment
[0.399s] DEBUG:colcon.colcon_core.event_handler.log_command:Invoking command in '/home/saket/ros2_ws/build/cpp_pubsub': CMAKE_PREFIX_PATH=/opt/ros/humble /usr/bin/cmake /home/saket/ros2_ws/src/cpp_pubsub -DCMAKE_INSTALL_PREFIX=/home/saket/ros2_ws/install/cpp_pubsub
[2.659s] DEBUG:colcon.colcon_core.event_handler.log_command:Invoked command in '/home/saket/ros2_ws/build/cpp_pubsub' returned '0': CMAKE_PREFIX_PATH=/opt/ros/humble /usr/bin/cmake /home/saket/ros2_ws/src/cpp_pubsub -DCMAKE_INSTALL_PREFIX=/home/saket/ros2_ws/install/cpp_pubsub
[2.669s] DEBUG:colcon.colcon_core.event_handler.log_command:Invoking command in '/home/saket/ros2_ws/build/cpp_pubsub': CMAKE_PREFIX_PATH=/opt/ros/humble /usr/bin/cmake --build /home/saket/ros2_ws/build/cpp_pubsub -- -j6 -l6
[18.697s] DEBUG:colcon.colcon_core.event_handler.log_command:Invoked command in '/home/saket/ros2_ws/build/cpp_pubsub' returned '0': CMAKE_PREFIX_PATH=/opt/ros/humble /usr/bin/cmake --build /home/saket/ros2_ws/build/cpp_pubsub -- -j6 -l6
[18.719s] DEBUG:colcon.colcon_core.event_handler.log_command:Invoking command in '/home/saket/ros2_ws/build/cpp_pubsub': CMAKE_PREFIX_PATH=/opt/ros/humble /usr/bin/cmake --install /home/saket/ros2_ws/build/cpp_pubsub
[18.760s] Level 1:colcon.colcon_core.environment:create_environment_scripts_only(cpp_pubsub)
[18.763s] DEBUG:colcon.colcon_core.event_handler.log_command:Invoked command in '/home/saket/ros2_ws/build/cpp_pubsub' returned '0': CMAKE_PREFIX_PATH=/opt/ros/humble /usr/bin/cmake --install /home/saket/ros2_ws/build/cpp_pubsub
[18.767s] Level 1:colcon.colcon_core.environment:checking '/home/saket/ros2_ws/install/cpp_pubsub' for CMake module files
[18.767s] Level 1:colcon.colcon_core.environment:checking '/home/saket/ros2_ws/install/cpp_pubsub' for CMake config files
[18.767s] Level 1:colcon.colcon_core.shell:create_environment_hook('cpp_pubsub', 'cmake_prefix_path')
[18.767s] INFO:colcon.colcon_core.shell:Creating environment hook '/home/saket/ros2_ws/install/cpp_pubsub/share/cpp_pubsub/hook/cmake_prefix_path.ps1'
[18.768s] INFO:colcon.colcon_core.shell:Creating environment descriptor '/home/saket/ros2_ws/install/cpp_pubsub/share/cpp_pubsub/hook/cmake_prefix_path.dsv'
[18.769s] INFO:colcon.colcon_core.shell:Creating environment hook '/home/saket/ros2_ws/install/cpp_pubsub/share/cpp_pubsub/hook/cmake_prefix_path.sh'
[18.770s] Level 1:colcon.colcon_core.environment:checking '/home/saket/ros2_ws/install/cpp_pubsub/lib'
[18.770s] Level 1:colcon.colcon_core.environment:checking '/home/saket/ros2_ws/install/cpp_pubsub/bin'
[18.770s] Level 1:colcon.colcon_core.environment:checking '/home/saket/ros2_ws/install/cpp_pubsub/lib/pkgconfig/cpp_pubsub.pc'
[18.770s] Level 1:colcon.colcon_core.environment:checking '/home/saket/ros2_ws/install/cpp_pubsub/lib/python3.10/site-packages'
[18.770s] Level 1:colcon.colcon_core.environment:checking '/home/saket/ros2_ws/install/cpp_pubsub/bin'
[18.771s] INFO:colcon.colcon_core.shell:Creating package script '/home/saket/ros2_ws/install/cpp_pubsub/share/cpp_pubsub/package.ps1'
[18.772s] INFO:colcon.colcon_core.shell:Creating package descriptor '/home/saket/ros2_ws/install/cpp_pubsub/share/cpp_pubsub/package.dsv'
[18.773s] INFO:colcon.colcon_core.shell:Creating package script '/home/saket/ros2_ws/install/cpp_pubsub/share/cpp_pubsub/package.sh'
[18.774s] INFO:colcon.colcon_core.shell:Creating package script '/home/saket/ros2_ws/install/cpp_pubsub/share/cpp_pubsub/package.bash'
[18.776s] INFO:colcon.colcon_core.shell:Creating package script '/home/saket/ros2_ws/install/cpp_pubsub/share/cpp_pubsub/package.zsh'
[18.778s] Level 1:colcon.colcon_core.environment:create_file_with_runtime_dependencies(/home/saket/ros2_ws/install/cpp_pubsub/share/colcon-core/packages/cpp_pubsub)
[18.780s] Level 1:colcon.colcon_core.environment:create_environment_scripts_only(cpp_pubsub)
[18.781s] Level 1:colcon.colcon_core.environment:checking '/home/saket/ros2_ws/install/cpp_pubsub' for CMake module files
[18.783s] Level 1:colcon.colcon_core.environment:checking '/home/saket/ros2_ws/install/cpp_pubsub' for CMake config files
[18.783s] Level 1:colcon.colcon_core.shell:create_environment_hook('cpp_pubsub', 'cmake_prefix_path')
[18.784s] INFO:colcon.colcon_core.shell:Creating environment hook '/home/saket/ros2_ws/install/cpp_pubsub/share/cpp_pubsub/hook/cmake_prefix_path.ps1'
[18.785s] INFO:colcon.colcon_core.shell:Creating environment descriptor '/home/saket/ros2_ws/install/cpp_pubsub/share/cpp_pubsub/hook/cmake_prefix_path.dsv'
[18.786s] INFO:colcon.colcon_core.shell:Creating environment hook '/home/saket/ros2_ws/install/cpp_pubsub/share/cpp_pubsub/hook/cmake_prefix_path.sh'
[18.787s] Level 1:colcon.colcon_core.environment:checking '/home/saket/ros2_ws/install/cpp_pubsub/lib'
[18.787s] Level 1:colcon.colcon_core.environment:checking '/home/saket/ros2_ws/install/cpp_pubsub/bin'
[18.787s] Level 1:colcon.colcon_core.environment:checking '/home/saket/ros2_ws/install/cpp_pubsub/lib/pkgconfig/cpp_pubsub.pc'
[18.787s] Level 1:colcon.colcon_core.environment:checking '/home/saket/ros2_ws/install/cpp_pubsub/lib/python3.10/site-packages'
[18.787s] Level 1:colcon.colcon_core.environment:checking '/home/saket/ros2_ws/install/cpp_pubsub/bin'
[18.788s] INFO:colcon.colcon_core.shell:Creating package script '/home/saket/ros2_ws/install/cpp_pubsub/share/cpp_pubsub/package.ps1'
[18.789s] INFO:colcon.colcon_core.shell:Creating package descriptor '/home/saket/ros2_ws/install/cpp_pubsub/share/cpp_pubsub/package.dsv'
[18.790s] INFO:colcon.colcon_core.shell:Creating package script '/home/saket/ros2_ws/install/cpp_pubsub/share/cpp_pubsub/package.sh'
[18.791s] INFO:colcon.colcon_core.shell:Creating package script '/home/saket/ros2_ws/install/cpp_pubsub/share/cpp_pubsub/package.bash'
[18.792s] INFO:colcon.colcon_core.shell:Creating package script '/home/saket/ros2_ws/install/cpp_pubsub/share/cpp_pubsub/package.zsh'
[18.793s] Level 1:colcon.colcon_core.environment:create_file_with_runtime_dependencies(/home/saket/ros2_ws/install/cpp_pubsub/share/colcon-core/packages/cpp_pubsub)
[18.794s] DEBUG:colcon.colcon_parallel_executor.executor.parallel:closing loop
[18.795s] DEBUG:colcon.colcon_parallel_executor.executor.parallel:loop closed
[18.795s] DEBUG:colcon.colcon_parallel_executor.executor.parallel:run_until_complete finished with '0'
[18.801s] DEBUG:colcon.colcon_core.event_reactor:joining thread
[18.809s] INFO:colcon.colcon_core.plugin_system:Skipping extension 'colcon_notification.desktop_notification.terminal_notifier': Not used on non-Darwin systems
[18.809s] INFO:colcon.colcon_core.plugin_system:Skipping extension 'colcon_notification.desktop_notification.win32': Not used on non-Windows systems
[18.809s] INFO:colcon.colcon_notification.desktop_notification:Sending desktop notification using 'notify2'
[18.840s] DEBUG:colcon.colcon_core.event_reactor:joined thread
[18.841s] INFO:colcon.colcon_core.shell:Creating prefix script '/home/saket/ros2_ws/install/local_setup.ps1'
[18.842s] INFO:colcon.colcon_core.shell:Creating prefix util module '/home/saket/ros2_ws/install/_local_setup_util_ps1.py'
[18.844s] INFO:colcon.colcon_core.shell:Creating prefix chain script '/home/saket/ros2_ws/install/setup.ps1'
[18.846s] INFO:colcon.colcon_core.shell:Creating prefix script '/home/saket/ros2_ws/install/local_setup.sh'
[18.847s] INFO:colcon.colcon_core.shell:Creating prefix util module '/home/saket/ros2_ws/install/_local_setup_util_sh.py'
[18.848s] INFO:colcon.colcon_core.shell:Creating prefix chain script '/home/saket/ros2_ws/install/setup.sh'
[18.850s] INFO:colcon.colcon_core.shell:Creating prefix script '/home/saket/ros2_ws/install/local_setup.bash'
[18.851s] INFO:colcon.colcon_core.shell:Creating prefix chain script '/home/saket/ros2_ws/install/setup.bash'
[18.854s] INFO:colcon.colcon_core.shell:Creating prefix script '/home/saket/ros2_ws/install/local_setup.zsh'
[18.856s] INFO:colcon.colcon_core.shell:Creating prefix chain script '/home/saket/ros2_ws/install/setup.zsh'
