[0.016s] Invoking command in '/home/saket/ros2_ws/build/cpp_pubsub': CMAKE_PREFIX_PATH=/opt/ros/humble /usr/bin/cmake /home/saket/ros2_ws/src/cpp_pubsub -DCMAKE_INSTALL_PREFIX=/home/saket/ros2_ws/install/cpp_pubsub
[0.463s] -- The C compiler identification is GNU 11.4.0
[0.772s] -- The CXX compiler identification is GNU 11.4.0
[0.877s] -- Detecting C compiler ABI info
[1.037s] -- Detecting C compiler ABI info - done
[1.043s] -- Check for working C compiler: /usr/bin/cc - skipped
[1.054s] -- Detecting C compile features
[1.059s] -- Detecting C compile features - done
[1.071s] -- Detecting CXX compiler ABI info
[1.287s] -- Detecting CXX compiler ABI info - done
[1.298s] -- Check for working CXX compiler: /usr/bin/c++ - skipped
[1.298s] -- Detecting CXX compile features
[1.298s] -- Detecting CXX compile features - done
[1.376s] -- Found ament_cmake: 1.3.14 (/opt/ros/humble/share/ament_cmake/cmake)
[1.767s] -- Found Python3: /usr/bin/python3 (found version "3.10.12") found components: Interpreter 
[2.184s] [31mCMake Error at /opt/ros/humble/share/ament_cmake_target_dependencies/cmake/ament_target_dependencies.cmake:77 (message):
[2.184s]   ament_target_dependencies() the passed package name 'rclcpp' was not found
[2.184s]   before
[2.184s] Call Stack (most recent call first):
[2.185s]   CMakeLists.txt:11 (ament_target_dependencies)
[2.185s] 
[2.185s] [0m
[2.185s] -- Configuring incomplete, errors occurred!
[2.186s] See also "/home/saket/ros2_ws/build/cpp_pubsub/CMakeFiles/CMakeOutput.log".
[2.196s] Invoked command in '/home/saket/ros2_ws/build/cpp_pubsub' returned '1': CMAKE_PREFIX_PATH=/opt/ros/humble /usr/bin/cmake /home/saket/ros2_ws/src/cpp_pubsub -DCMAKE_INSTALL_PREFIX=/home/saket/ros2_ws/install/cpp_pubsub
