[1.001s] Invoking command in '/home/saket/ros2_ws/src/py_pubsub': PYTHONPATH=/home/saket/ros2_ws/build/py_pubsub/prefix_override:/usr/lib/python3/dist-packages/colcon_core/task/python/colcon_distutils_commands:/home/saket/ros2_ws/install/py_pubsub/lib/python3.10/site-packages:${PYTHONPATH} /usr/bin/python3 -W ignore:setup.py install is deprecated -W ignore:easy_install command is deprecated setup.py egg_info --egg-base ../../build/py_pubsub build --build-base /home/saket/ros2_ws/build/py_pubsub/build install --record /home/saket/ros2_ws/build/py_pubsub/install.log --single-version-externally-managed install_data
[1.250s] running egg_info
[1.250s] creating ../../build/py_pubsub/py_pubsub.egg-info
[1.252s] writing ../../build/py_pubsub/py_pubsub.egg-info/PKG-INFO
[1.252s] writing dependency_links to ../../build/py_pubsub/py_pubsub.egg-info/dependency_links.txt
[1.252s] writing entry points to ../../build/py_pubsub/py_pubsub.egg-info/entry_points.txt
[1.252s] writing requirements to ../../build/py_pubsub/py_pubsub.egg-info/requires.txt
[1.252s] writing top-level names to ../../build/py_pubsub/py_pubsub.egg-info/top_level.txt
[1.253s] writing manifest file '../../build/py_pubsub/py_pubsub.egg-info/SOURCES.txt'
[1.258s] reading manifest file '../../build/py_pubsub/py_pubsub.egg-info/SOURCES.txt'
[1.261s] writing manifest file '../../build/py_pubsub/py_pubsub.egg-info/SOURCES.txt'
[1.261s] running build
[1.261s] running build_py
[1.261s] creating /home/saket/ros2_ws/build/py_pubsub/build
[1.261s] creating /home/saket/ros2_ws/build/py_pubsub/build/lib
[1.261s] creating /home/saket/ros2_ws/build/py_pubsub/build/lib/py_pubsub
[1.261s] copying py_pubsub/__init__.py -> /home/saket/ros2_ws/build/py_pubsub/build/lib/py_pubsub
[1.261s] copying py_pubsub/publisher_node.py -> /home/saket/ros2_ws/build/py_pubsub/build/lib/py_pubsub
[1.261s] copying py_pubsub/subscriber_node.py -> /home/saket/ros2_ws/build/py_pubsub/build/lib/py_pubsub
[1.261s] running install
[1.262s] running install_lib
[1.263s] creating /home/saket/ros2_ws/install/py_pubsub/lib/python3.10/site-packages/py_pubsub
[1.263s] copying /home/saket/ros2_ws/build/py_pubsub/build/lib/py_pubsub/__init__.py -> /home/saket/ros2_ws/install/py_pubsub/lib/python3.10/site-packages/py_pubsub
[1.263s] copying /home/saket/ros2_ws/build/py_pubsub/build/lib/py_pubsub/publisher_node.py -> /home/saket/ros2_ws/install/py_pubsub/lib/python3.10/site-packages/py_pubsub
[1.263s] copying /home/saket/ros2_ws/build/py_pubsub/build/lib/py_pubsub/subscriber_node.py -> /home/saket/ros2_ws/install/py_pubsub/lib/python3.10/site-packages/py_pubsub
[1.264s] byte-compiling /home/saket/ros2_ws/install/py_pubsub/lib/python3.10/site-packages/py_pubsub/__init__.py to __init__.cpython-310.pyc
[1.265s] byte-compiling /home/saket/ros2_ws/install/py_pubsub/lib/python3.10/site-packages/py_pubsub/publisher_node.py to publisher_node.cpython-310.pyc
[1.265s] byte-compiling /home/saket/ros2_ws/install/py_pubsub/lib/python3.10/site-packages/py_pubsub/subscriber_node.py to subscriber_node.cpython-310.pyc
[1.266s] running install_data
[1.266s] creating /home/saket/ros2_ws/install/py_pubsub/share/ament_index
[1.266s] creating /home/saket/ros2_ws/install/py_pubsub/share/ament_index/resource_index
[1.267s] creating /home/saket/ros2_ws/install/py_pubsub/share/ament_index/resource_index/packages
[1.267s] copying resource/py_pubsub -> /home/saket/ros2_ws/install/py_pubsub/share/ament_index/resource_index/packages
[1.267s] copying package.xml -> /home/saket/ros2_ws/install/py_pubsub/share/py_pubsub
[1.267s] running install_egg_info
[1.268s] Copying ../../build/py_pubsub/py_pubsub.egg-info to /home/saket/ros2_ws/install/py_pubsub/lib/python3.10/site-packages/py_pubsub-0.0.0-py3.10.egg-info
[1.270s] running install_scripts
[1.290s] Installing py_publisher script to /home/saket/ros2_ws/install/py_pubsub/lib/py_pubsub
[1.291s] Installing py_subscriber script to /home/saket/ros2_ws/install/py_pubsub/lib/py_pubsub
[1.291s] writing list of installed files to '/home/saket/ros2_ws/build/py_pubsub/install.log'
[1.359s] Invoked command in '/home/saket/ros2_ws/src/py_pubsub' returned '0': PYTHONPATH=/home/saket/ros2_ws/build/py_pubsub/prefix_override:/usr/lib/python3/dist-packages/colcon_core/task/python/colcon_distutils_commands:/home/saket/ros2_ws/install/py_pubsub/lib/python3.10/site-packages:${PYTHONPATH} /usr/bin/python3 -W ignore:setup.py install is deprecated -W ignore:easy_install command is deprecated setup.py egg_info --egg-base ../../build/py_pubsub build --build-base /home/saket/ros2_ws/build/py_pubsub/build install --record /home/saket/ros2_ws/build/py_pubsub/install.log --single-version-externally-managed install_data
